Building DAG of jobs...
Using shell: /bin/bash
Provided cluster nodes: 150
Job stats:
job           count    min threads    max threads
----------  -------  -------------  -------------
all               1              1              1
run_script     2760              1              1
total          2761              1              1

Select jobs to execute...

[Sat Sep  4 09:33:16 2021]
rule run_script:
    input: /.mounts/labs/reimandlab/private/users/oocsenas/CA2M_v2/bin/004B_run_permtest_sig_importances.R
    output: /.mounts/labs/reimandlab/private/users/oocsenas/CA2M_v2/data/004B_Feature_importance_permutations/results_12_2_9.csv
    jobid: 1339
    wildcards: variable_i=12, variable_s=2, variable_b=9
    resources: tmpdir=/tmp, threads=10, runtime=4:0:0:0, individual_core_memory=5G

Submitted job 1339 with external jobid 'Your job 71706506 ("snakejob.run_script.1339.sh") has been submitted'.

[Sat Sep  4 09:33:17 2021]
rule run_script:
    input: /.mounts/labs/reimandlab/private/users/oocsenas/CA2M_v2/bin/004B_run_permtest_sig_importances.R
    output: /.mounts/labs/reimandlab/private/users/oocsenas/CA2M_v2/data/004B_Feature_importance_permutations/results_16_12_3.csv
    jobid: 1913
    wildcards: variable_i=16, variable_s=12, variable_b=3
    resources: tmpdir=/tmp, threads=10, runtime=4:0:0:0, individual_core_memory=5G

Submitted job 1913 with external jobid 'Your job 71706507 ("snakejob.run_script.1913.sh") has been submitted'.

[Sat Sep  4 09:33:17 2021]
rule run_script:
    input: /.mounts/labs/reimandlab/private/users/oocsenas/CA2M_v2/bin/004B_run_permtest_sig_importances.R
    output: /.mounts/labs/reimandlab/private/users/oocsenas/CA2M_v2/data/004B_Feature_importance_permutations/results_7_4_1.csv
    jobid: 751
    wildcards: variable_i=7, variable_s=4, variable_b=1
    resources: tmpdir=/tmp, threads=10, runtime=4:0:0:0, individual_core_memory=5G

Submitted job 751 with external jobid 'Your job 71706508 ("snakejob.run_script.751.sh") has been submitted'.

[Sat Sep  4 09:33:17 2021]
rule run_script:
    input: /.mounts/labs/reimandlab/private/users/oocsenas/CA2M_v2/bin/004B_run_permtest_sig_importances.R
    output: /.mounts/labs/reimandlab/private/users/oocsenas/CA2M_v2/data/004B_Feature_importance_permutations/results_11_6_5.csv
    jobid: 1255
    wildcards: variable_i=11, variable_s=6, variable_b=5
    resources: tmpdir=/tmp, threads=10, runtime=4:0:0:0, individual_core_memory=5G

Submitted job 1255 with external jobid 'Your job 71706509 ("snakejob.run_script.1255.sh") has been submitted'.

[Sat Sep  4 09:33:17 2021]
rule run_script:
    input: /.mounts/labs/reimandlab/private/users/oocsenas/CA2M_v2/bin/004B_run_permtest_sig_importances.R
    output: /.mounts/labs/reimandlab/private/users/oocsenas/CA2M_v2/data/004B_Feature_importance_permutations/results_19_8_5.csv
    jobid: 2235
    wildcards: variable_i=19, variable_s=8, variable_b=5
    resources: tmpdir=/tmp, threads=10, runtime=4:0:0:0, individual_core_memory=5G

Submitted job 2235 with external jobid 'Your job 71706510 ("snakejob.run_script.2235.sh") has been submitted'.

[Sat Sep  4 09:33:17 2021]
rule run_script:
    input: /.mounts/labs/reimandlab/private/users/oocsenas/CA2M_v2/bin/004B_run_permtest_sig_importances.R
    output: /.mounts/labs/reimandlab/private/users/oocsenas/CA2M_v2/data/004B_Feature_importance_permutations/results_20_11_10.csv
    jobid: 2390
    wildcards: variable_i=20, variable_s=11, variable_b=10
    resources: tmpdir=/tmp, threads=10, runtime=4:0:0:0, individual_core_memory=5G

Submitted job 2390 with external jobid 'Your job 71706511 ("snakejob.run_script.2390.sh") has been submitted'.

[Sat Sep  4 09:33:17 2021]
rule run_script:
    input: /.mounts/labs/reimandlab/private/users/oocsenas/CA2M_v2/bin/004B_run_permtest_sig_importances.R
    output: /.mounts/labs/reimandlab/private/users/oocsenas/CA2M_v2/data/004B_Feature_importance_permutations/results_8_7_7.csv
    jobid: 907
    wildcards: variable_i=8, variable_s=7, variable_b=7
    resources: tmpdir=/tmp, threads=10, runtime=4:0:0:0, individual_core_memory=5G

Submitted job 907 with external jobid 'Your job 71706512 ("snakejob.run_script.907.sh") has been submitted'.

[Sat Sep  4 09:33:17 2021]
rule run_script:
    input: /.mounts/labs/reimandlab/private/users/oocsenas/CA2M_v2/bin/004B_run_permtest_sig_importances.R
    output: /.mounts/labs/reimandlab/private/users/oocsenas/CA2M_v2/data/004B_Feature_importance_permutations/results_4_3_9.csv
    jobid: 389
    wildcards: variable_i=4, variable_s=3, variable_b=9
    resources: tmpdir=/tmp, threads=10, runtime=4:0:0:0, individual_core_memory=5G

Submitted job 389 with external jobid 'Your job 71706513 ("snakejob.run_script.389.sh") has been submitted'.

[Sat Sep  4 09:33:17 2021]
rule run_script:
    input: /.mounts/labs/reimandlab/private/users/oocsenas/CA2M_v2/bin/004B_run_permtest_sig_importances.R
    output: /.mounts/labs/reimandlab/private/users/oocsenas/CA2M_v2/data/004B_Feature_importance_permutations/results_5_10_1.csv
    jobid: 571
    wildcards: variable_i=5, variable_s=10, variable_b=1
    resources: tmpdir=/tmp, threads=10, runtime=4:0:0:0, individual_core_memory=5G

Submitted job 571 with external jobid 'Your job 71706514 ("snakejob.run_script.571.sh") has been submitted'.

[Sat Sep  4 09:33:17 2021]
rule run_script:
    input: /.mounts/labs/reimandlab/private/users/oocsenas/CA2M_v2/bin/004B_run_permtest_sig_importances.R
    output: /.mounts/labs/reimandlab/private/users/oocsenas/CA2M_v2/data/004B_Feature_importance_permutations/results_15_6_3.csv
    jobid: 1733
    wildcards: variable_i=15, variable_s=6, variable_b=3
    resources: tmpdir=/tmp, threads=10, runtime=4:0:0:0, individual_core_memory=5G

Submitted job 1733 with external jobid 'Your job 71706515 ("snakejob.run_script.1733.sh") has been submitted'.

[Sat Sep  4 09:33:17 2021]
rule run_script:
    input: /.mounts/labs/reimandlab/private/users/oocsenas/CA2M_v2/bin/004B_run_permtest_sig_importances.R
    output: /.mounts/labs/reimandlab/private/users/oocsenas/CA2M_v2/data/004B_Feature_importance_permutations/results_20_12_1.csv
    jobid: 2391
    wildcards: variable_i=20, variable_s=12, variable_b=1
    resources: tmpdir=/tmp, threads=10, runtime=4:0:0:0, individual_core_memory=5G

Submitted job 2391 with external jobid 'Your job 71706516 ("snakejob.run_script.2391.sh") has been submitted'.

[Sat Sep  4 09:33:17 2021]
rule run_script:
    input: /.mounts/labs/reimandlab/private/users/oocsenas/CA2M_v2/bin/004B_run_permtest_sig_importances.R
    output: /.mounts/labs/reimandlab/private/users/oocsenas/CA2M_v2/data/004B_Feature_importance_permutations/results_4_3_10.csv
    jobid: 390
    wildcards: variable_i=4, variable_s=3, variable_b=10
    resources: tmpdir=/tmp, threads=10, runtime=4:0:0:0, individual_core_memory=5G

Submitted job 390 with external jobid 'Your job 71706517 ("snakejob.run_script.390.sh") has been submitted'.

[Sat Sep  4 09:33:17 2021]
rule run_script:
    input: /.mounts/labs/reimandlab/private/users/oocsenas/CA2M_v2/bin/004B_run_permtest_sig_importances.R
    output: /.mounts/labs/reimandlab/private/users/oocsenas/CA2M_v2/data/004B_Feature_importance_permutations/results_5_10_2.csv
    jobid: 572
    wildcards: variable_i=5, variable_s=10, variable_b=2
    resources: tmpdir=/tmp, threads=10, runtime=4:0:0:0, individual_core_memory=5G

Submitted job 572 with external jobid 'Your job 71706518 ("snakejob.run_script.572.sh") has been submitted'.

[Sat Sep  4 09:33:18 2021]
rule run_script:
    input: /.mounts/labs/reimandlab/private/users/oocsenas/CA2M_v2/bin/004B_run_permtest_sig_importances.R
    output: /.mounts/labs/reimandlab/private/users/oocsenas/CA2M_v2/data/004B_Feature_importance_permutations/results_8_7_8.csv
    jobid: 908
    wildcards: variable_i=8, variable_s=7, variable_b=8
    resources: tmpdir=/tmp, threads=10, runtime=4:0:0:0, individual_core_memory=5G

Submitted job 908 with external jobid 'Your job 71706519 ("snakejob.run_script.908.sh") has been submitted'.

[Sat Sep  4 09:33:18 2021]
rule run_script:
    input: /.mounts/labs/reimandlab/private/users/oocsenas/CA2M_v2/bin/004B_run_permtest_sig_importances.R
    output: /.mounts/labs/reimandlab/private/users/oocsenas/CA2M_v2/data/004B_Feature_importance_permutations/results_15_6_4.csv
    jobid: 1734
    wildcards: variable_i=15, variable_s=6, variable_b=4
    resources: tmpdir=/tmp, threads=10, runtime=4:0:0:0, individual_core_memory=5G

Submitted job 1734 with external jobid 'Your job 71706520 ("snakejob.run_script.1734.sh") has been submitted'.

[Sat Sep  4 09:33:18 2021]
rule run_script:
    input: /.mounts/labs/reimandlab/private/users/oocsenas/CA2M_v2/bin/004B_run_permtest_sig_importances.R
    output: /.mounts/labs/reimandlab/private/users/oocsenas/CA2M_v2/data/004B_Feature_importance_permutations/results_20_12_2.csv
    jobid: 2392
    wildcards: variable_i=20, variable_s=12, variable_b=2
    resources: tmpdir=/tmp, threads=10, runtime=4:0:0:0, individual_core_memory=5G

Submitted job 2392 with external jobid 'Your job 71706521 ("snakejob.run_script.2392.sh") has been submitted'.

[Sat Sep  4 09:33:18 2021]
rule run_script:
    input: /.mounts/labs/reimandlab/private/users/oocsenas/CA2M_v2/bin/004B_run_permtest_sig_importances.R
    output: /.mounts/labs/reimandlab/private/users/oocsenas/CA2M_v2/data/004B_Feature_importance_permutations/results_4_4_1.csv
    jobid: 391
    wildcards: variable_i=4, variable_s=4, variable_b=1
    resources: tmpdir=/tmp, threads=10, runtime=4:0:0:0, individual_core_memory=5G

Submitted job 391 with external jobid 'Your job 71706522 ("snakejob.run_script.391.sh") has been submitted'.

[Sat Sep  4 09:33:18 2021]
rule run_script:
    input: /.mounts/labs/reimandlab/private/users/oocsenas/CA2M_v2/bin/004B_run_permtest_sig_importances.R
    output: /.mounts/labs/reimandlab/private/users/oocsenas/CA2M_v2/data/004B_Feature_importance_permutations/results_5_10_3.csv
    jobid: 573
    wildcards: variable_i=5, variable_s=10, variable_b=3
    resources: tmpdir=/tmp, threads=10, runtime=4:0:0:0, individual_core_memory=5G

Submitted job 573 with external jobid 'Your job 71706523 ("snakejob.run_script.573.sh") has been submitted'.

[Sat Sep  4 09:33:18 2021]
rule run_script:
    input: /.mounts/labs/reimandlab/private/users/oocsenas/CA2M_v2/bin/004B_run_permtest_sig_importances.R
    output: /.mounts/labs/reimandlab/private/users/oocsenas/CA2M_v2/data/004B_Feature_importance_permutations/results_8_7_9.csv
    jobid: 909
    wildcards: variable_i=8, variable_s=7, variable_b=9
    resources: tmpdir=/tmp, threads=10, runtime=4:0:0:0, individual_core_memory=5G

Submitted job 909 with external jobid 'Your job 71706524 ("snakejob.run_script.909.sh") has been submitted'.

[Sat Sep  4 09:33:18 2021]
rule run_script:
    input: /.mounts/labs/reimandlab/private/users/oocsenas/CA2M_v2/bin/004B_run_permtest_sig_importances.R
    output: /.mounts/labs/reimandlab/private/users/oocsenas/CA2M_v2/data/004B_Feature_importance_permutations/results_15_6_5.csv
    jobid: 1735
    wildcards: variable_i=15, variable_s=6, variable_b=5
    resources: tmpdir=/tmp, threads=10, runtime=4:0:0:0, individual_core_memory=5G

Submitted job 1735 with external jobid 'Your job 71706525 ("snakejob.run_script.1735.sh") has been submitted'.

[Sat Sep  4 09:33:18 2021]
rule run_script:
    input: /.mounts/labs/reimandlab/private/users/oocsenas/CA2M_v2/bin/004B_run_permtest_sig_importances.R
    output: /.mounts/labs/reimandlab/private/users/oocsenas/CA2M_v2/data/004B_Feature_importance_permutations/results_20_12_3.csv
    jobid: 2393
    wildcards: variable_i=20, variable_s=12, variable_b=3
    resources: tmpdir=/tmp, threads=10, runtime=4:0:0:0, individual_core_memory=5G

Submitted job 2393 with external jobid 'Your job 71706526 ("snakejob.run_script.2393.sh") has been submitted'.

[Sat Sep  4 09:33:18 2021]
rule run_script:
    input: /.mounts/labs/reimandlab/private/users/oocsenas/CA2M_v2/bin/004B_run_permtest_sig_importances.R
    output: /.mounts/labs/reimandlab/private/users/oocsenas/CA2M_v2/data/004B_Feature_importance_permutations/results_4_4_2.csv
    jobid: 392
    wildcards: variable_i=4, variable_s=4, variable_b=2
    resources: tmpdir=/tmp, threads=10, runtime=4:0:0:0, individual_core_memory=5G

Submitted job 392 with external jobid 'Your job 71706527 ("snakejob.run_script.392.sh") has been submitted'.

[Sat Sep  4 09:33:18 2021]
rule run_script:
    input: /.mounts/labs/reimandlab/private/users/oocsenas/CA2M_v2/bin/004B_run_permtest_sig_importances.R
    output: /.mounts/labs/reimandlab/private/users/oocsenas/CA2M_v2/data/004B_Feature_importance_permutations/results_5_10_4.csv
    jobid: 574
    wildcards: variable_i=5, variable_s=10, variable_b=4
    resources: tmpdir=/tmp, threads=10, runtime=4:0:0:0, individual_core_memory=5G

Submitted job 574 with external jobid 'Your job 71706528 ("snakejob.run_script.574.sh") has been submitted'.

[Sat Sep  4 09:33:18 2021]
rule run_script:
    input: /.mounts/labs/reimandlab/private/users/oocsenas/CA2M_v2/bin/004B_run_permtest_sig_importances.R
    output: /.mounts/labs/reimandlab/private/users/oocsenas/CA2M_v2/data/004B_Feature_importance_permutations/results_8_7_10.csv
    jobid: 910
    wildcards: variable_i=8, variable_s=7, variable_b=10
    resources: tmpdir=/tmp, threads=10, runtime=4:0:0:0, individual_core_memory=5G

Submitted job 910 with external jobid 'Your job 71706529 ("snakejob.run_script.910.sh") has been submitted'.

[Sat Sep  4 09:33:18 2021]
rule run_script:
    input: /.mounts/labs/reimandlab/private/users/oocsenas/CA2M_v2/bin/004B_run_permtest_sig_importances.R
    output: /.mounts/labs/reimandlab/private/users/oocsenas/CA2M_v2/data/004B_Feature_importance_permutations/results_15_6_6.csv
    jobid: 1736
    wildcards: variable_i=15, variable_s=6, variable_b=6
    resources: tmpdir=/tmp, threads=10, runtime=4:0:0:0, individual_core_memory=5G

Submitted job 1736 with external jobid 'Your job 71706530 ("snakejob.run_script.1736.sh") has been submitted'.

[Sat Sep  4 09:33:19 2021]
rule run_script:
    input: /.mounts/labs/reimandlab/private/users/oocsenas/CA2M_v2/bin/004B_run_permtest_sig_importances.R
    output: /.mounts/labs/reimandlab/private/users/oocsenas/CA2M_v2/data/004B_Feature_importance_permutations/results_20_12_4.csv
    jobid: 2394
    wildcards: variable_i=20, variable_s=12, variable_b=4
    resources: tmpdir=/tmp, threads=10, runtime=4:0:0:0, individual_core_memory=5G

Submitted job 2394 with external jobid 'Your job 71706531 ("snakejob.run_script.2394.sh") has been submitted'.

[Sat Sep  4 09:33:19 2021]
rule run_script:
    input: /.mounts/labs/reimandlab/private/users/oocsenas/CA2M_v2/bin/004B_run_permtest_sig_importances.R
    output: /.mounts/labs/reimandlab/private/users/oocsenas/CA2M_v2/data/004B_Feature_importance_permutations/results_4_4_3.csv
    jobid: 393
    wildcards: variable_i=4, variable_s=4, variable_b=3
    resources: tmpdir=/tmp, threads=10, runtime=4:0:0:0, individual_core_memory=5G

Submitted job 393 with external jobid 'Your job 71706532 ("snakejob.run_script.393.sh") has been submitted'.

[Sat Sep  4 09:33:19 2021]
rule run_script:
    input: /.mounts/labs/reimandlab/private/users/oocsenas/CA2M_v2/bin/004B_run_permtest_sig_importances.R
    output: /.mounts/labs/reimandlab/private/users/oocsenas/CA2M_v2/data/004B_Feature_importance_permutations/results_5_10_5.csv
    jobid: 575
    wildcards: variable_i=5, variable_s=10, variable_b=5
    resources: tmpdir=/tmp, threads=10, runtime=4:0:0:0, individual_core_memory=5G

Submitted job 575 with external jobid 'Your job 71706533 ("snakejob.run_script.575.sh") has been submitted'.

[Sat Sep  4 09:33:19 2021]
rule run_script:
    input: /.mounts/labs/reimandlab/private/users/oocsenas/CA2M_v2/bin/004B_run_permtest_sig_importances.R
    output: /.mounts/labs/reimandlab/private/users/oocsenas/CA2M_v2/data/004B_Feature_importance_permutations/results_8_8_1.csv
    jobid: 911
    wildcards: variable_i=8, variable_s=8, variable_b=1
    resources: tmpdir=/tmp, threads=10, runtime=4:0:0:0, individual_core_memory=5G

Submitted job 911 with external jobid 'Your job 71706534 ("snakejob.run_script.911.sh") has been submitted'.

[Sat Sep  4 09:33:19 2021]
rule run_script:
    input: /.mounts/labs/reimandlab/private/users/oocsenas/CA2M_v2/bin/004B_run_permtest_sig_importances.R
    output: /.mounts/labs/reimandlab/private/users/oocsenas/CA2M_v2/data/004B_Feature_importance_permutations/results_15_6_7.csv
    jobid: 1737
    wildcards: variable_i=15, variable_s=6, variable_b=7
    resources: tmpdir=/tmp, threads=10, runtime=4:0:0:0, individual_core_memory=5G

Submitted job 1737 with external jobid 'Your job 71706535 ("snakejob.run_script.1737.sh") has been submitted'.

[Sat Sep  4 09:33:19 2021]
rule run_script:
    input: /.mounts/labs/reimandlab/private/users/oocsenas/CA2M_v2/bin/004B_run_permtest_sig_importances.R
    output: /.mounts/labs/reimandlab/private/users/oocsenas/CA2M_v2/data/004B_Feature_importance_permutations/results_20_12_5.csv
    jobid: 2395
    wildcards: variable_i=20, variable_s=12, variable_b=5
    resources: tmpdir=/tmp, threads=10, runtime=4:0:0:0, individual_core_memory=5G

Submitted job 2395 with external jobid 'Your job 71706536 ("snakejob.run_script.2395.sh") has been submitted'.

[Sat Sep  4 09:33:19 2021]
rule run_script:
    input: /.mounts/labs/reimandlab/private/users/oocsenas/CA2M_v2/bin/004B_run_permtest_sig_importances.R
    output: /.mounts/labs/reimandlab/private/users/oocsenas/CA2M_v2/data/004B_Feature_importance_permutations/results_4_4_4.csv
    jobid: 394
    wildcards: variable_i=4, variable_s=4, variable_b=4
    resources: tmpdir=/tmp, threads=10, runtime=4:0:0:0, individual_core_memory=5G

Submitted job 394 with external jobid 'Your job 71706537 ("snakejob.run_script.394.sh") has been submitted'.

[Sat Sep  4 09:33:19 2021]
rule run_script:
    input: /.mounts/labs/reimandlab/private/users/oocsenas/CA2M_v2/bin/004B_run_permtest_sig_importances.R
    output: /.mounts/labs/reimandlab/private/users/oocsenas/CA2M_v2/data/004B_Feature_importance_permutations/results_5_10_6.csv
    jobid: 576
    wildcards: variable_i=5, variable_s=10, variable_b=6
    resources: tmpdir=/tmp, threads=10, runtime=4:0:0:0, individual_core_memory=5G

Submitted job 576 with external jobid 'Your job 71706538 ("snakejob.run_script.576.sh") has been submitted'.

[Sat Sep  4 09:33:19 2021]
rule run_script:
    input: /.mounts/labs/reimandlab/private/users/oocsenas/CA2M_v2/bin/004B_run_permtest_sig_importances.R
    output: /.mounts/labs/reimandlab/private/users/oocsenas/CA2M_v2/data/004B_Feature_importance_permutations/results_15_6_8.csv
    jobid: 1738
    wildcards: variable_i=15, variable_s=6, variable_b=8
    resources: tmpdir=/tmp, threads=10, runtime=4:0:0:0, individual_core_memory=5G

Submitted job 1738 with external jobid 'Your job 71706539 ("snakejob.run_script.1738.sh") has been submitted'.

[Sat Sep  4 09:33:19 2021]
rule run_script:
    input: /.mounts/labs/reimandlab/private/users/oocsenas/CA2M_v2/bin/004B_run_permtest_sig_importances.R
    output: /.mounts/labs/reimandlab/private/users/oocsenas/CA2M_v2/data/004B_Feature_importance_permutations/results_20_12_6.csv
    jobid: 2396
    wildcards: variable_i=20, variable_s=12, variable_b=6
    resources: tmpdir=/tmp, threads=10, runtime=4:0:0:0, individual_core_memory=5G

Submitted job 2396 with external jobid 'Your job 71706540 ("snakejob.run_script.2396.sh") has been submitted'.

[Sat Sep  4 09:33:19 2021]
rule run_script:
    input: /.mounts/labs/reimandlab/private/users/oocsenas/CA2M_v2/bin/004B_run_permtest_sig_importances.R
    output: /.mounts/labs/reimandlab/private/users/oocsenas/CA2M_v2/data/004B_Feature_importance_permutations/results_8_8_2.csv
    jobid: 912
    wildcards: variable_i=8, variable_s=8, variable_b=2
    resources: tmpdir=/tmp, threads=10, runtime=4:0:0:0, individual_core_memory=5G

Submitted job 912 with external jobid 'Your job 71706541 ("snakejob.run_script.912.sh") has been submitted'.

[Sat Sep  4 09:33:20 2021]
rule run_script:
    input: /.mounts/labs/reimandlab/private/users/oocsenas/CA2M_v2/bin/004B_run_permtest_sig_importances.R
    output: /.mounts/labs/reimandlab/private/users/oocsenas/CA2M_v2/data/004B_Feature_importance_permutations/results_4_4_5.csv
    jobid: 395
    wildcards: variable_i=4, variable_s=4, variable_b=5
    resources: tmpdir=/tmp, threads=10, runtime=4:0:0:0, individual_core_memory=5G

Submitted job 395 with external jobid 'Your job 71706542 ("snakejob.run_script.395.sh") has been submitted'.

[Sat Sep  4 09:33:20 2021]
rule run_script:
    input: /.mounts/labs/reimandlab/private/users/oocsenas/CA2M_v2/bin/004B_run_permtest_sig_importances.R
    output: /.mounts/labs/reimandlab/private/users/oocsenas/CA2M_v2/data/004B_Feature_importance_permutations/results_5_10_7.csv
    jobid: 577
    wildcards: variable_i=5, variable_s=10, variable_b=7
    resources: tmpdir=/tmp, threads=10, runtime=4:0:0:0, individual_core_memory=5G

Submitted job 577 with external jobid 'Your job 71706543 ("snakejob.run_script.577.sh") has been submitted'.

[Sat Sep  4 09:33:20 2021]
rule run_script:
    input: /.mounts/labs/reimandlab/private/users/oocsenas/CA2M_v2/bin/004B_run_permtest_sig_importances.R
    output: /.mounts/labs/reimandlab/private/users/oocsenas/CA2M_v2/data/004B_Feature_importance_permutations/results_8_8_3.csv
    jobid: 913
    wildcards: variable_i=8, variable_s=8, variable_b=3
    resources: tmpdir=/tmp, threads=10, runtime=4:0:0:0, individual_core_memory=5G

Submitted job 913 with external jobid 'Your job 71706544 ("snakejob.run_script.913.sh") has been submitted'.

[Sat Sep  4 09:33:20 2021]
rule run_script:
    input: /.mounts/labs/reimandlab/private/users/oocsenas/CA2M_v2/bin/004B_run_permtest_sig_importances.R
    output: /.mounts/labs/reimandlab/private/users/oocsenas/CA2M_v2/data/004B_Feature_importance_permutations/results_15_6_9.csv
    jobid: 1739
    wildcards: variable_i=15, variable_s=6, variable_b=9
    resources: tmpdir=/tmp, threads=10, runtime=4:0:0:0, individual_core_memory=5G

Submitted job 1739 with external jobid 'Your job 71706545 ("snakejob.run_script.1739.sh") has been submitted'.

[Sat Sep  4 09:33:20 2021]
rule run_script:
    input: /.mounts/labs/reimandlab/private/users/oocsenas/CA2M_v2/bin/004B_run_permtest_sig_importances.R
    output: /.mounts/labs/reimandlab/private/users/oocsenas/CA2M_v2/data/004B_Feature_importance_permutations/results_20_12_7.csv
    jobid: 2397
    wildcards: variable_i=20, variable_s=12, variable_b=7
    resources: tmpdir=/tmp, threads=10, runtime=4:0:0:0, individual_core_memory=5G

Submitted job 2397 with external jobid 'Your job 71706546 ("snakejob.run_script.2397.sh") has been submitted'.

[Sat Sep  4 09:33:20 2021]
rule run_script:
    input: /.mounts/labs/reimandlab/private/users/oocsenas/CA2M_v2/bin/004B_run_permtest_sig_importances.R
    output: /.mounts/labs/reimandlab/private/users/oocsenas/CA2M_v2/data/004B_Feature_importance_permutations/results_4_4_6.csv
    jobid: 396
    wildcards: variable_i=4, variable_s=4, variable_b=6
    resources: tmpdir=/tmp, threads=10, runtime=4:0:0:0, individual_core_memory=5G

Submitted job 396 with external jobid 'Your job 71706547 ("snakejob.run_script.396.sh") has been submitted'.

[Sat Sep  4 09:33:20 2021]
rule run_script:
    input: /.mounts/labs/reimandlab/private/users/oocsenas/CA2M_v2/bin/004B_run_permtest_sig_importances.R
    output: /.mounts/labs/reimandlab/private/users/oocsenas/CA2M_v2/data/004B_Feature_importance_permutations/results_22_5_8.csv
    jobid: 2568
    wildcards: variable_i=22, variable_s=5, variable_b=8
    resources: tmpdir=/tmp, threads=10, runtime=4:0:0:0, individual_core_memory=5G

Submitted job 2568 with external jobid 'Your job 71706548 ("snakejob.run_script.2568.sh") has been submitted'.

[Sat Sep  4 09:33:20 2021]
rule run_script:
    input: /.mounts/labs/reimandlab/private/users/oocsenas/CA2M_v2/bin/004B_run_permtest_sig_importances.R
    output: /.mounts/labs/reimandlab/private/users/oocsenas/CA2M_v2/data/004B_Feature_importance_permutations/results_23_10_6.csv
    jobid: 2736
    wildcards: variable_i=23, variable_s=10, variable_b=6
    resources: tmpdir=/tmp, threads=10, runtime=4:0:0:0, individual_core_memory=5G

Submitted job 2736 with external jobid 'Your job 71706549 ("snakejob.run_script.2736.sh") has been submitted'.

[Sat Sep  4 09:33:20 2021]
rule run_script:
    input: /.mounts/labs/reimandlab/private/users/oocsenas/CA2M_v2/bin/004B_run_permtest_sig_importances.R
    output: /.mounts/labs/reimandlab/private/users/oocsenas/CA2M_v2/data/004B_Feature_importance_permutations/results_15_7_3.csv
    jobid: 1743
    wildcards: variable_i=15, variable_s=7, variable_b=3
    resources: tmpdir=/tmp, threads=10, runtime=4:0:0:0, individual_core_memory=5G

Submitted job 1743 with external jobid 'Your job 71706550 ("snakejob.run_script.1743.sh") has been submitted'.

[Sat Sep  4 09:33:20 2021]
rule run_script:
    input: /.mounts/labs/reimandlab/private/users/oocsenas/CA2M_v2/bin/004B_run_permtest_sig_importances.R
    output: /.mounts/labs/reimandlab/private/users/oocsenas/CA2M_v2/data/004B_Feature_importance_permutations/results_21_1_1.csv
    jobid: 2401
    wildcards: variable_i=21, variable_s=1, variable_b=1
    resources: tmpdir=/tmp, threads=10, runtime=4:0:0:0, individual_core_memory=5G

Submitted job 2401 with external jobid 'Your job 71706551 ("snakejob.run_script.2401.sh") has been submitted'.

[Sat Sep  4 09:33:20 2021]
rule run_script:
    input: /.mounts/labs/reimandlab/private/users/oocsenas/CA2M_v2/bin/004B_run_permtest_sig_importances.R
    output: /.mounts/labs/reimandlab/private/users/oocsenas/CA2M_v2/data/004B_Feature_importance_permutations/results_15_7_4.csv
    jobid: 1744
    wildcards: variable_i=15, variable_s=7, variable_b=4
    resources: tmpdir=/tmp, threads=10, runtime=4:0:0:0, individual_core_memory=5G

Submitted job 1744 with external jobid 'Your job 71706552 ("snakejob.run_script.1744.sh") has been submitted'.

[Sat Sep  4 09:33:21 2021]
rule run_script:
    input: /.mounts/labs/reimandlab/private/users/oocsenas/CA2M_v2/bin/004B_run_permtest_sig_importances.R
    output: /.mounts/labs/reimandlab/private/users/oocsenas/CA2M_v2/data/004B_Feature_importance_permutations/results_8_8_8.csv
    jobid: 918
    wildcards: variable_i=8, variable_s=8, variable_b=8
    resources: tmpdir=/tmp, threads=10, runtime=4:0:0:0, individual_core_memory=5G

Submitted job 918 with external jobid 'Your job 71706553 ("snakejob.run_script.918.sh") has been submitted'.

[Sat Sep  4 09:33:21 2021]
rule run_script:
    input: /.mounts/labs/reimandlab/private/users/oocsenas/CA2M_v2/bin/004B_run_permtest_sig_importances.R
    output: /.mounts/labs/reimandlab/private/users/oocsenas/CA2M_v2/data/004B_Feature_importance_permutations/results_4_4_10.csv
    jobid: 400
    wildcards: variable_i=4, variable_s=4, variable_b=10
    resources: tmpdir=/tmp, threads=10, runtime=4:0:0:0, individual_core_memory=5G

Submitted job 400 with external jobid 'Your job 71706554 ("snakejob.run_script.400.sh") has been submitted'.

[Sat Sep  4 09:33:21 2021]
rule run_script:
    input: /.mounts/labs/reimandlab/private/users/oocsenas/CA2M_v2/bin/004B_run_permtest_sig_importances.R
    output: /.mounts/labs/reimandlab/private/users/oocsenas/CA2M_v2/data/004B_Feature_importance_permutations/results_5_11_2.csv
    jobid: 582
    wildcards: variable_i=5, variable_s=11, variable_b=2
    resources: tmpdir=/tmp, threads=10, runtime=4:0:0:0, individual_core_memory=5G

Submitted job 582 with external jobid 'Your job 71706555 ("snakejob.run_script.582.sh") has been submitted'.

[Sat Sep  4 09:33:21 2021]
rule run_script:
    input: /.mounts/labs/reimandlab/private/users/oocsenas/CA2M_v2/bin/004B_run_permtest_sig_importances.R
    output: /.mounts/labs/reimandlab/private/users/oocsenas/CA2M_v2/data/004B_Feature_importance_permutations/results_21_1_2.csv
    jobid: 2402
    wildcards: variable_i=21, variable_s=1, variable_b=2
    resources: tmpdir=/tmp, threads=10, runtime=4:0:0:0, individual_core_memory=5G

Submitted job 2402 with external jobid 'Your job 71706556 ("snakejob.run_script.2402.sh") has been submitted'.

[Sat Sep  4 09:33:21 2021]
rule run_script:
    input: /.mounts/labs/reimandlab/private/users/oocsenas/CA2M_v2/bin/004B_run_permtest_sig_importances.R
    output: /.mounts/labs/reimandlab/private/users/oocsenas/CA2M_v2/data/004B_Feature_importance_permutations/results_16_10_9.csv
    jobid: 1899
    wildcards: variable_i=16, variable_s=10, variable_b=9
    resources: tmpdir=/tmp, threads=10, runtime=4:0:0:0, individual_core_memory=5G

Submitted job 1899 with external jobid 'Your job 71706557 ("snakejob.run_script.1899.sh") has been submitted'.

[Sat Sep  4 09:33:21 2021]
rule run_script:
    input: /.mounts/labs/reimandlab/private/users/oocsenas/CA2M_v2/bin/004B_run_permtest_sig_importances.R
    output: /.mounts/labs/reimandlab/private/users/oocsenas/CA2M_v2/data/004B_Feature_importance_permutations/results_13_6_3.csv
    jobid: 1493
    wildcards: variable_i=13, variable_s=6, variable_b=3
    resources: tmpdir=/tmp, threads=10, runtime=4:0:0:0, individual_core_memory=5G

Submitted job 1493 with external jobid 'Your job 71706558 ("snakejob.run_script.1493.sh") has been submitted'.

[Sat Sep  4 09:33:21 2021]
rule run_script:
    input: /.mounts/labs/reimandlab/private/users/oocsenas/CA2M_v2/bin/004B_run_permtest_sig_importances.R
    output: /.mounts/labs/reimandlab/private/users/oocsenas/CA2M_v2/data/004B_Feature_importance_permutations/results_16_2_5.csv
    jobid: 1815
    wildcards: variable_i=16, variable_s=2, variable_b=5
    resources: tmpdir=/tmp, threads=10, runtime=4:0:0:0, individual_core_memory=5G

Submitted job 1815 with external jobid 'Your job 71706559 ("snakejob.run_script.1815.sh") has been submitted'.

[Sat Sep  4 09:33:21 2021]
rule run_script:
    input: /.mounts/labs/reimandlab/private/users/oocsenas/CA2M_v2/bin/004B_run_permtest_sig_importances.R
    output: /.mounts/labs/reimandlab/private/users/oocsenas/CA2M_v2/data/004B_Feature_importance_permutations/results_21_8_3.csv
    jobid: 2473
    wildcards: variable_i=21, variable_s=8, variable_b=3
    resources: tmpdir=/tmp, threads=10, runtime=4:0:0:0, individual_core_memory=5G

Submitted job 2473 with external jobid 'Your job 71706560 ("snakejob.run_script.2473.sh") has been submitted'.

[Sat Sep  4 09:33:21 2021]
rule run_script:
    input: /.mounts/labs/reimandlab/private/users/oocsenas/CA2M_v2/bin/004B_run_permtest_sig_importances.R
    output: /.mounts/labs/reimandlab/private/users/oocsenas/CA2M_v2/data/004B_Feature_importance_permutations/results_17_7_3.csv
    jobid: 1983
    wildcards: variable_i=17, variable_s=7, variable_b=3
    resources: tmpdir=/tmp, threads=10, runtime=4:0:0:0, individual_core_memory=5G

Submitted job 1983 with external jobid 'Your job 71706561 ("snakejob.run_script.1983.sh") has been submitted'.

[Sat Sep  4 09:33:21 2021]
rule run_script:
    input: /.mounts/labs/reimandlab/private/users/oocsenas/CA2M_v2/bin/004B_run_permtest_sig_importances.R
    output: /.mounts/labs/reimandlab/private/users/oocsenas/CA2M_v2/data/004B_Feature_importance_permutations/results_20_3_5.csv
    jobid: 2305
    wildcards: variable_i=20, variable_s=3, variable_b=5
    resources: tmpdir=/tmp, threads=10, runtime=4:0:0:0, individual_core_memory=5G

Submitted job 2305 with external jobid 'Your job 71706562 ("snakejob.run_script.2305.sh") has been submitted'.

[Sat Sep  4 09:33:21 2021]
rule run_script:
    input: /.mounts/labs/reimandlab/private/users/oocsenas/CA2M_v2/bin/004B_run_permtest_sig_importances.R
    output: /.mounts/labs/reimandlab/private/users/oocsenas/CA2M_v2/data/004B_Feature_importance_permutations/results_1_3_3.csv
    jobid: 23
    wildcards: variable_i=1, variable_s=3, variable_b=3
    resources: tmpdir=/tmp, threads=10, runtime=4:0:0:0, individual_core_memory=5G

Submitted job 23 with external jobid 'Your job 71706563 ("snakejob.run_script.23.sh") has been submitted'.

[Sat Sep  4 09:33:22 2021]
rule run_script:
    input: /.mounts/labs/reimandlab/private/users/oocsenas/CA2M_v2/bin/004B_run_permtest_sig_importances.R
    output: /.mounts/labs/reimandlab/private/users/oocsenas/CA2M_v2/data/004B_Feature_importance_permutations/results_2_2_5.csv
    jobid: 135
    wildcards: variable_i=2, variable_s=2, variable_b=5
    resources: tmpdir=/tmp, threads=10, runtime=4:0:0:0, individual_core_memory=5G

Submitted job 135 with external jobid 'Your job 71706564 ("snakejob.run_script.135.sh") has been submitted'.

[Sat Sep  4 09:33:22 2021]
rule run_script:
    input: /.mounts/labs/reimandlab/private/users/oocsenas/CA2M_v2/bin/004B_run_permtest_sig_importances.R
    output: /.mounts/labs/reimandlab/private/users/oocsenas/CA2M_v2/data/004B_Feature_importance_permutations/results_3_7_3.csv
    jobid: 303
    wildcards: variable_i=3, variable_s=7, variable_b=3
    resources: tmpdir=/tmp, threads=10, runtime=4:0:0:0, individual_core_memory=5G

Submitted job 303 with external jobid 'Your job 71706565 ("snakejob.run_script.303.sh") has been submitted'.

[Sat Sep  4 09:33:22 2021]
rule run_script:
    input: /.mounts/labs/reimandlab/private/users/oocsenas/CA2M_v2/bin/004B_run_permtest_sig_importances.R
    output: /.mounts/labs/reimandlab/private/users/oocsenas/CA2M_v2/data/004B_Feature_importance_permutations/results_6_6_3.csv
    jobid: 653
    wildcards: variable_i=6, variable_s=6, variable_b=3
    resources: tmpdir=/tmp, threads=10, runtime=4:0:0:0, individual_core_memory=5G

Submitted job 653 with external jobid 'Your job 71706566 ("snakejob.run_script.653.sh") has been submitted'.

[Sat Sep  4 09:33:22 2021]
rule run_script:
    input: /.mounts/labs/reimandlab/private/users/oocsenas/CA2M_v2/bin/004B_run_permtest_sig_importances.R
    output: /.mounts/labs/reimandlab/private/users/oocsenas/CA2M_v2/data/004B_Feature_importance_permutations/results_6_6_6.csv
    jobid: 656
    wildcards: variable_i=6, variable_s=6, variable_b=6
    resources: tmpdir=/tmp, threads=10, runtime=4:0:0:0, individual_core_memory=5G

Submitted job 656 with external jobid 'Your job 71706567 ("snakejob.run_script.656.sh") has been submitted'.

[Sat Sep  4 09:33:22 2021]
rule run_script:
    input: /.mounts/labs/reimandlab/private/users/oocsenas/CA2M_v2/bin/004B_run_permtest_sig_importances.R
    output: /.mounts/labs/reimandlab/private/users/oocsenas/CA2M_v2/data/004B_Feature_importance_permutations/results_5_8_6.csv
    jobid: 556
    wildcards: variable_i=5, variable_s=8, variable_b=6
    resources: tmpdir=/tmp, threads=10, runtime=4:0:0:0, individual_core_memory=5G

Submitted job 556 with external jobid 'Your job 71706568 ("snakejob.run_script.556.sh") has been submitted'.

[Sat Sep  4 09:33:22 2021]
rule run_script:
    input: /.mounts/labs/reimandlab/private/users/oocsenas/CA2M_v2/bin/004B_run_permtest_sig_importances.R
    output: /.mounts/labs/reimandlab/private/users/oocsenas/CA2M_v2/data/004B_Feature_importance_permutations/results_13_6_4.csv
    jobid: 1494
    wildcards: variable_i=13, variable_s=6, variable_b=4
    resources: tmpdir=/tmp, threads=10, runtime=4:0:0:0, individual_core_memory=5G

Submitted job 1494 with external jobid 'Your job 71706569 ("snakejob.run_script.1494.sh") has been submitted'.

[Sat Sep  4 09:33:22 2021]
rule run_script:
    input: /.mounts/labs/reimandlab/private/users/oocsenas/CA2M_v2/bin/004B_run_permtest_sig_importances.R
    output: /.mounts/labs/reimandlab/private/users/oocsenas/CA2M_v2/data/004B_Feature_importance_permutations/results_16_2_6.csv
    jobid: 1816
    wildcards: variable_i=16, variable_s=2, variable_b=6
    resources: tmpdir=/tmp, threads=10, runtime=4:0:0:0, individual_core_memory=5G

Submitted job 1816 with external jobid 'Your job 71706570 ("snakejob.run_script.1816.sh") has been submitted'.

[Sat Sep  4 09:33:22 2021]
rule run_script:
    input: /.mounts/labs/reimandlab/private/users/oocsenas/CA2M_v2/bin/004B_run_permtest_sig_importances.R
    output: /.mounts/labs/reimandlab/private/users/oocsenas/CA2M_v2/data/004B_Feature_importance_permutations/results_21_8_4.csv
    jobid: 2474
    wildcards: variable_i=21, variable_s=8, variable_b=4
    resources: tmpdir=/tmp, threads=10, runtime=4:0:0:0, individual_core_memory=5G

Submitted job 2474 with external jobid 'Your job 71706571 ("snakejob.run_script.2474.sh") has been submitted'.

[Sat Sep  4 09:33:22 2021]
rule run_script:
    input: /.mounts/labs/reimandlab/private/users/oocsenas/CA2M_v2/bin/004B_run_permtest_sig_importances.R
    output: /.mounts/labs/reimandlab/private/users/oocsenas/CA2M_v2/data/004B_Feature_importance_permutations/results_17_7_4.csv
    jobid: 1984
    wildcards: variable_i=17, variable_s=7, variable_b=4
    resources: tmpdir=/tmp, threads=10, runtime=4:0:0:0, individual_core_memory=5G

Submitted job 1984 with external jobid 'Your job 71706572 ("snakejob.run_script.1984.sh") has been submitted'.

[Sat Sep  4 09:33:22 2021]
rule run_script:
    input: /.mounts/labs/reimandlab/private/users/oocsenas/CA2M_v2/bin/004B_run_permtest_sig_importances.R
    output: /.mounts/labs/reimandlab/private/users/oocsenas/CA2M_v2/data/004B_Feature_importance_permutations/results_20_3_6.csv
    jobid: 2306
    wildcards: variable_i=20, variable_s=3, variable_b=6
    resources: tmpdir=/tmp, threads=10, runtime=4:0:0:0, individual_core_memory=5G

Submitted job 2306 with external jobid 'Your job 71706573 ("snakejob.run_script.2306.sh") has been submitted'.

[Sat Sep  4 09:33:22 2021]
rule run_script:
    input: /.mounts/labs/reimandlab/private/users/oocsenas/CA2M_v2/bin/004B_run_permtest_sig_importances.R
    output: /.mounts/labs/reimandlab/private/users/oocsenas/CA2M_v2/data/004B_Feature_importance_permutations/results_1_3_4.csv
    jobid: 24
    wildcards: variable_i=1, variable_s=3, variable_b=4
    resources: tmpdir=/tmp, threads=10, runtime=4:0:0:0, individual_core_memory=5G

Submitted job 24 with external jobid 'Your job 71706574 ("snakejob.run_script.24.sh") has been submitted'.

[Sat Sep  4 09:33:22 2021]
rule run_script:
    input: /.mounts/labs/reimandlab/private/users/oocsenas/CA2M_v2/bin/004B_run_permtest_sig_importances.R
    output: /.mounts/labs/reimandlab/private/users/oocsenas/CA2M_v2/data/004B_Feature_importance_permutations/results_2_2_6.csv
    jobid: 136
    wildcards: variable_i=2, variable_s=2, variable_b=6
    resources: tmpdir=/tmp, threads=10, runtime=4:0:0:0, individual_core_memory=5G

Submitted job 136 with external jobid 'Your job 71706575 ("snakejob.run_script.136.sh") has been submitted'.

[Sat Sep  4 09:33:23 2021]
rule run_script:
    input: /.mounts/labs/reimandlab/private/users/oocsenas/CA2M_v2/bin/004B_run_permtest_sig_importances.R
    output: /.mounts/labs/reimandlab/private/users/oocsenas/CA2M_v2/data/004B_Feature_importance_permutations/results_3_7_4.csv
    jobid: 304
    wildcards: variable_i=3, variable_s=7, variable_b=4
    resources: tmpdir=/tmp, threads=10, runtime=4:0:0:0, individual_core_memory=5G

Submitted job 304 with external jobid 'Your job 71706576 ("snakejob.run_script.304.sh") has been submitted'.

[Sat Sep  4 09:33:23 2021]
rule run_script:
    input: /.mounts/labs/reimandlab/private/users/oocsenas/CA2M_v2/bin/004B_run_permtest_sig_importances.R
    output: /.mounts/labs/reimandlab/private/users/oocsenas/CA2M_v2/data/004B_Feature_importance_permutations/results_6_6_4.csv
    jobid: 654
    wildcards: variable_i=6, variable_s=6, variable_b=4
    resources: tmpdir=/tmp, threads=10, runtime=4:0:0:0, individual_core_memory=5G

Submitted job 654 with external jobid 'Your job 71706577 ("snakejob.run_script.654.sh") has been submitted'.

[Sat Sep  4 09:33:23 2021]
rule run_script:
    input: /.mounts/labs/reimandlab/private/users/oocsenas/CA2M_v2/bin/004B_run_permtest_sig_importances.R
    output: /.mounts/labs/reimandlab/private/users/oocsenas/CA2M_v2/data/004B_Feature_importance_permutations/results_16_11_1.csv
    jobid: 1901
    wildcards: variable_i=16, variable_s=11, variable_b=1
    resources: tmpdir=/tmp, threads=10, runtime=4:0:0:0, individual_core_memory=5G

Submitted job 1901 with external jobid 'Your job 71706578 ("snakejob.run_script.1901.sh") has been submitted'.

[Sat Sep  4 09:33:23 2021]
rule run_script:
    input: /.mounts/labs/reimandlab/private/users/oocsenas/CA2M_v2/bin/004B_run_permtest_sig_importances.R
    output: /.mounts/labs/reimandlab/private/users/oocsenas/CA2M_v2/data/004B_Feature_importance_permutations/results_13_6_5.csv
    jobid: 1495
    wildcards: variable_i=13, variable_s=6, variable_b=5
    resources: tmpdir=/tmp, threads=10, runtime=4:0:0:0, individual_core_memory=5G

Submitted job 1495 with external jobid 'Your job 71706579 ("snakejob.run_script.1495.sh") has been submitted'.

[Sat Sep  4 09:33:23 2021]
rule run_script:
    input: /.mounts/labs/reimandlab/private/users/oocsenas/CA2M_v2/bin/004B_run_permtest_sig_importances.R
    output: /.mounts/labs/reimandlab/private/users/oocsenas/CA2M_v2/data/004B_Feature_importance_permutations/results_16_2_7.csv
    jobid: 1817
    wildcards: variable_i=16, variable_s=2, variable_b=7
    resources: tmpdir=/tmp, threads=10, runtime=4:0:0:0, individual_core_memory=5G

Submitted job 1817 with external jobid 'Your job 71706580 ("snakejob.run_script.1817.sh") has been submitted'.

[Sat Sep  4 09:33:23 2021]
rule run_script:
    input: /.mounts/labs/reimandlab/private/users/oocsenas/CA2M_v2/bin/004B_run_permtest_sig_importances.R
    output: /.mounts/labs/reimandlab/private/users/oocsenas/CA2M_v2/data/004B_Feature_importance_permutations/results_21_8_5.csv
    jobid: 2475
    wildcards: variable_i=21, variable_s=8, variable_b=5
    resources: tmpdir=/tmp, threads=10, runtime=4:0:0:0, individual_core_memory=5G

Submitted job 2475 with external jobid 'Your job 71706581 ("snakejob.run_script.2475.sh") has been submitted'.

[Sat Sep  4 09:33:23 2021]
rule run_script:
    input: /.mounts/labs/reimandlab/private/users/oocsenas/CA2M_v2/bin/004B_run_permtest_sig_importances.R
    output: /.mounts/labs/reimandlab/private/users/oocsenas/CA2M_v2/data/004B_Feature_importance_permutations/results_17_7_5.csv
    jobid: 1985
    wildcards: variable_i=17, variable_s=7, variable_b=5
    resources: tmpdir=/tmp, threads=10, runtime=4:0:0:0, individual_core_memory=5G

Submitted job 1985 with external jobid 'Your job 71706582 ("snakejob.run_script.1985.sh") has been submitted'.

[Sat Sep  4 09:33:23 2021]
rule run_script:
    input: /.mounts/labs/reimandlab/private/users/oocsenas/CA2M_v2/bin/004B_run_permtest_sig_importances.R
    output: /.mounts/labs/reimandlab/private/users/oocsenas/CA2M_v2/data/004B_Feature_importance_permutations/results_20_3_7.csv
    jobid: 2307
    wildcards: variable_i=20, variable_s=3, variable_b=7
    resources: tmpdir=/tmp, threads=10, runtime=4:0:0:0, individual_core_memory=5G

Submitted job 2307 with external jobid 'Your job 71706583 ("snakejob.run_script.2307.sh") has been submitted'.

[Sat Sep  4 09:33:23 2021]
rule run_script:
    input: /.mounts/labs/reimandlab/private/users/oocsenas/CA2M_v2/bin/004B_run_permtest_sig_importances.R
    output: /.mounts/labs/reimandlab/private/users/oocsenas/CA2M_v2/data/004B_Feature_importance_permutations/results_1_3_5.csv
    jobid: 25
    wildcards: variable_i=1, variable_s=3, variable_b=5
    resources: tmpdir=/tmp, threads=10, runtime=4:0:0:0, individual_core_memory=5G

Submitted job 25 with external jobid 'Your job 71706584 ("snakejob.run_script.25.sh") has been submitted'.

[Sat Sep  4 09:33:23 2021]
rule run_script:
    input: /.mounts/labs/reimandlab/private/users/oocsenas/CA2M_v2/bin/004B_run_permtest_sig_importances.R
    output: /.mounts/labs/reimandlab/private/users/oocsenas/CA2M_v2/data/004B_Feature_importance_permutations/results_2_2_7.csv
    jobid: 137
    wildcards: variable_i=2, variable_s=2, variable_b=7
    resources: tmpdir=/tmp, threads=10, runtime=4:0:0:0, individual_core_memory=5G

Submitted job 137 with external jobid 'Your job 71706585 ("snakejob.run_script.137.sh") has been submitted'.

[Sat Sep  4 09:33:23 2021]
rule run_script:
    input: /.mounts/labs/reimandlab/private/users/oocsenas/CA2M_v2/bin/004B_run_permtest_sig_importances.R
    output: /.mounts/labs/reimandlab/private/users/oocsenas/CA2M_v2/data/004B_Feature_importance_permutations/results_3_7_5.csv
    jobid: 305
    wildcards: variable_i=3, variable_s=7, variable_b=5
    resources: tmpdir=/tmp, threads=10, runtime=4:0:0:0, individual_core_memory=5G

Submitted job 305 with external jobid 'Your job 71706586 ("snakejob.run_script.305.sh") has been submitted'.

[Sat Sep  4 09:33:24 2021]
rule run_script:
    input: /.mounts/labs/reimandlab/private/users/oocsenas/CA2M_v2/bin/004B_run_permtest_sig_importances.R
    output: /.mounts/labs/reimandlab/private/users/oocsenas/CA2M_v2/data/004B_Feature_importance_permutations/results_6_6_5.csv
    jobid: 655
    wildcards: variable_i=6, variable_s=6, variable_b=5
    resources: tmpdir=/tmp, threads=10, runtime=4:0:0:0, individual_core_memory=5G

Submitted job 655 with external jobid 'Your job 71706587 ("snakejob.run_script.655.sh") has been submitted'.

[Sat Sep  4 09:33:24 2021]
rule run_script:
    input: /.mounts/labs/reimandlab/private/users/oocsenas/CA2M_v2/bin/004B_run_permtest_sig_importances.R
    output: /.mounts/labs/reimandlab/private/users/oocsenas/CA2M_v2/data/004B_Feature_importance_permutations/results_5_8_8.csv
    jobid: 558
    wildcards: variable_i=5, variable_s=8, variable_b=8
    resources: tmpdir=/tmp, threads=10, runtime=4:0:0:0, individual_core_memory=5G

Submitted job 558 with external jobid 'Your job 71706588 ("snakejob.run_script.558.sh") has been submitted'.

[Sat Sep  4 09:33:24 2021]
rule run_script:
    input: /.mounts/labs/reimandlab/private/users/oocsenas/CA2M_v2/bin/004B_run_permtest_sig_importances.R
    output: /.mounts/labs/reimandlab/private/users/oocsenas/CA2M_v2/data/004B_Feature_importance_permutations/results_16_11_2.csv
    jobid: 1902
    wildcards: variable_i=16, variable_s=11, variable_b=2
    resources: tmpdir=/tmp, threads=10, runtime=4:0:0:0, individual_core_memory=5G

Submitted job 1902 with external jobid 'Your job 71706589 ("snakejob.run_script.1902.sh") has been submitted'.

[Sat Sep  4 09:33:24 2021]
rule run_script:
    input: /.mounts/labs/reimandlab/private/users/oocsenas/CA2M_v2/bin/004B_run_permtest_sig_importances.R
    output: /.mounts/labs/reimandlab/private/users/oocsenas/CA2M_v2/data/004B_Feature_importance_permutations/results_13_6_6.csv
    jobid: 1496
    wildcards: variable_i=13, variable_s=6, variable_b=6
    resources: tmpdir=/tmp, threads=10, runtime=4:0:0:0, individual_core_memory=5G

Submitted job 1496 with external jobid 'Your job 71706590 ("snakejob.run_script.1496.sh") has been submitted'.

[Sat Sep  4 09:33:24 2021]
rule run_script:
    input: /.mounts/labs/reimandlab/private/users/oocsenas/CA2M_v2/bin/004B_run_permtest_sig_importances.R
    output: /.mounts/labs/reimandlab/private/users/oocsenas/CA2M_v2/data/004B_Feature_importance_permutations/results_16_2_8.csv
    jobid: 1818
    wildcards: variable_i=16, variable_s=2, variable_b=8
    resources: tmpdir=/tmp, threads=10, runtime=4:0:0:0, individual_core_memory=5G

Submitted job 1818 with external jobid 'Your job 71706591 ("snakejob.run_script.1818.sh") has been submitted'.

[Sat Sep  4 09:33:24 2021]
rule run_script:
    input: /.mounts/labs/reimandlab/private/users/oocsenas/CA2M_v2/bin/004B_run_permtest_sig_importances.R
    output: /.mounts/labs/reimandlab/private/users/oocsenas/CA2M_v2/data/004B_Feature_importance_permutations/results_21_8_6.csv
    jobid: 2476
    wildcards: variable_i=21, variable_s=8, variable_b=6
    resources: tmpdir=/tmp, threads=10, runtime=4:0:0:0, individual_core_memory=5G

Submitted job 2476 with external jobid 'Your job 71706592 ("snakejob.run_script.2476.sh") has been submitted'.

[Sat Sep  4 09:33:24 2021]
rule run_script:
    input: /.mounts/labs/reimandlab/private/users/oocsenas/CA2M_v2/bin/004B_run_permtest_sig_importances.R
    output: /.mounts/labs/reimandlab/private/users/oocsenas/CA2M_v2/data/004B_Feature_importance_permutations/results_17_7_6.csv
    jobid: 1986
    wildcards: variable_i=17, variable_s=7, variable_b=6
    resources: tmpdir=/tmp, threads=10, runtime=4:0:0:0, individual_core_memory=5G

Submitted job 1986 with external jobid 'Your job 71706593 ("snakejob.run_script.1986.sh") has been submitted'.

[Sat Sep  4 09:33:24 2021]
rule run_script:
    input: /.mounts/labs/reimandlab/private/users/oocsenas/CA2M_v2/bin/004B_run_permtest_sig_importances.R
    output: /.mounts/labs/reimandlab/private/users/oocsenas/CA2M_v2/data/004B_Feature_importance_permutations/results_20_3_8.csv
    jobid: 2308
    wildcards: variable_i=20, variable_s=3, variable_b=8
    resources: tmpdir=/tmp, threads=10, runtime=4:0:0:0, individual_core_memory=5G

Submitted job 2308 with external jobid 'Your job 71706594 ("snakejob.run_script.2308.sh") has been submitted'.

[Sat Sep  4 09:33:24 2021]
rule run_script:
    input: /.mounts/labs/reimandlab/private/users/oocsenas/CA2M_v2/bin/004B_run_permtest_sig_importances.R
    output: /.mounts/labs/reimandlab/private/users/oocsenas/CA2M_v2/data/004B_Feature_importance_permutations/results_3_7_6.csv
    jobid: 306
    wildcards: variable_i=3, variable_s=7, variable_b=6
    resources: tmpdir=/tmp, threads=10, runtime=4:0:0:0, individual_core_memory=5G

Submitted job 306 with external jobid 'Your job 71706595 ("snakejob.run_script.306.sh") has been submitted'.

[Sat Sep  4 09:33:24 2021]
rule run_script:
    input: /.mounts/labs/reimandlab/private/users/oocsenas/CA2M_v2/bin/004B_run_permtest_sig_importances.R
    output: /.mounts/labs/reimandlab/private/users/oocsenas/CA2M_v2/data/004B_Feature_importance_permutations/results_1_3_6.csv
    jobid: 26
    wildcards: variable_i=1, variable_s=3, variable_b=6
    resources: tmpdir=/tmp, threads=10, runtime=4:0:0:0, individual_core_memory=5G

Submitted job 26 with external jobid 'Your job 71706596 ("snakejob.run_script.26.sh") has been submitted'.

[Sat Sep  4 09:33:24 2021]
rule run_script:
    input: /.mounts/labs/reimandlab/private/users/oocsenas/CA2M_v2/bin/004B_run_permtest_sig_importances.R
    output: /.mounts/labs/reimandlab/private/users/oocsenas/CA2M_v2/data/004B_Feature_importance_permutations/results_2_2_8.csv
    jobid: 138
    wildcards: variable_i=2, variable_s=2, variable_b=8
    resources: tmpdir=/tmp, threads=10, runtime=4:0:0:0, individual_core_memory=5G

Submitted job 138 with external jobid 'Your job 71706597 ("snakejob.run_script.138.sh") has been submitted'.

[Sat Sep  4 09:33:24 2021]
rule run_script:
    input: /.mounts/labs/reimandlab/private/users/oocsenas/CA2M_v2/bin/004B_run_permtest_sig_importances.R
    output: /.mounts/labs/reimandlab/private/users/oocsenas/CA2M_v2/data/004B_Feature_importance_permutations/results_16_11_3.csv
    jobid: 1903
    wildcards: variable_i=16, variable_s=11, variable_b=3
    resources: tmpdir=/tmp, threads=10, runtime=4:0:0:0, individual_core_memory=5G

Submitted job 1903 with external jobid 'Your job 71706598 ("snakejob.run_script.1903.sh") has been submitted'.

[Sat Sep  4 09:33:25 2021]
rule run_script:
    input: /.mounts/labs/reimandlab/private/users/oocsenas/CA2M_v2/bin/004B_run_permtest_sig_importances.R
    output: /.mounts/labs/reimandlab/private/users/oocsenas/CA2M_v2/data/004B_Feature_importance_permutations/results_13_6_7.csv
    jobid: 1497
    wildcards: variable_i=13, variable_s=6, variable_b=7
    resources: tmpdir=/tmp, threads=10, runtime=4:0:0:0, individual_core_memory=5G

Submitted job 1497 with external jobid 'Your job 71706599 ("snakejob.run_script.1497.sh") has been submitted'.

[Sat Sep  4 09:33:25 2021]
rule run_script:
    input: /.mounts/labs/reimandlab/private/users/oocsenas/CA2M_v2/bin/004B_run_permtest_sig_importances.R
    output: /.mounts/labs/reimandlab/private/users/oocsenas/CA2M_v2/data/004B_Feature_importance_permutations/results_16_2_9.csv
    jobid: 1819
    wildcards: variable_i=16, variable_s=2, variable_b=9
    resources: tmpdir=/tmp, threads=10, runtime=4:0:0:0, individual_core_memory=5G

Submitted job 1819 with external jobid 'Your job 71706600 ("snakejob.run_script.1819.sh") has been submitted'.

[Sat Sep  4 09:33:25 2021]
rule run_script:
    input: /.mounts/labs/reimandlab/private/users/oocsenas/CA2M_v2/bin/004B_run_permtest_sig_importances.R
    output: /.mounts/labs/reimandlab/private/users/oocsenas/CA2M_v2/data/004B_Feature_importance_permutations/results_21_8_7.csv
    jobid: 2477
    wildcards: variable_i=21, variable_s=8, variable_b=7
    resources: tmpdir=/tmp, threads=10, runtime=4:0:0:0, individual_core_memory=5G

Submitted job 2477 with external jobid 'Your job 71706601 ("snakejob.run_script.2477.sh") has been submitted'.

[Sat Sep  4 09:33:25 2021]
rule run_script:
    input: /.mounts/labs/reimandlab/private/users/oocsenas/CA2M_v2/bin/004B_run_permtest_sig_importances.R
    output: /.mounts/labs/reimandlab/private/users/oocsenas/CA2M_v2/data/004B_Feature_importance_permutations/results_17_7_7.csv
    jobid: 1987
    wildcards: variable_i=17, variable_s=7, variable_b=7
    resources: tmpdir=/tmp, threads=10, runtime=4:0:0:0, individual_core_memory=5G

Submitted job 1987 with external jobid 'Your job 71706602 ("snakejob.run_script.1987.sh") has been submitted'.

[Sat Sep  4 09:33:25 2021]
rule run_script:
    input: /.mounts/labs/reimandlab/private/users/oocsenas/CA2M_v2/bin/004B_run_permtest_sig_importances.R
    output: /.mounts/labs/reimandlab/private/users/oocsenas/CA2M_v2/data/004B_Feature_importance_permutations/results_20_3_9.csv
    jobid: 2309
    wildcards: variable_i=20, variable_s=3, variable_b=9
    resources: tmpdir=/tmp, threads=10, runtime=4:0:0:0, individual_core_memory=5G

Submitted job 2309 with external jobid 'Your job 71706603 ("snakejob.run_script.2309.sh") has been submitted'.

[Sat Sep  4 09:33:25 2021]
rule run_script:
    input: /.mounts/labs/reimandlab/private/users/oocsenas/CA2M_v2/bin/004B_run_permtest_sig_importances.R
    output: /.mounts/labs/reimandlab/private/users/oocsenas/CA2M_v2/data/004B_Feature_importance_permutations/results_1_3_7.csv
    jobid: 27
    wildcards: variable_i=1, variable_s=3, variable_b=7
    resources: tmpdir=/tmp, threads=10, runtime=4:0:0:0, individual_core_memory=5G

Submitted job 27 with external jobid 'Your job 71706604 ("snakejob.run_script.27.sh") has been submitted'.

[Sat Sep  4 09:33:25 2021]
rule run_script:
    input: /.mounts/labs/reimandlab/private/users/oocsenas/CA2M_v2/bin/004B_run_permtest_sig_importances.R
    output: /.mounts/labs/reimandlab/private/users/oocsenas/CA2M_v2/data/004B_Feature_importance_permutations/results_2_2_9.csv
    jobid: 139
    wildcards: variable_i=2, variable_s=2, variable_b=9
    resources: tmpdir=/tmp, threads=10, runtime=4:0:0:0, individual_core_memory=5G

Submitted job 139 with external jobid 'Your job 71706605 ("snakejob.run_script.139.sh") has been submitted'.

[Sat Sep  4 09:33:25 2021]
rule run_script:
    input: /.mounts/labs/reimandlab/private/users/oocsenas/CA2M_v2/bin/004B_run_permtest_sig_importances.R
    output: /.mounts/labs/reimandlab/private/users/oocsenas/CA2M_v2/data/004B_Feature_importance_permutations/results_3_7_7.csv
    jobid: 307
    wildcards: variable_i=3, variable_s=7, variable_b=7
    resources: tmpdir=/tmp, threads=10, runtime=4:0:0:0, individual_core_memory=5G

Submitted job 307 with external jobid 'Your job 71706606 ("snakejob.run_script.307.sh") has been submitted'.

[Sat Sep  4 09:33:25 2021]
rule run_script:
    input: /.mounts/labs/reimandlab/private/users/oocsenas/CA2M_v2/bin/004B_run_permtest_sig_importances.R
    output: /.mounts/labs/reimandlab/private/users/oocsenas/CA2M_v2/data/004B_Feature_importance_permutations/results_6_6_7.csv
    jobid: 657
    wildcards: variable_i=6, variable_s=6, variable_b=7
    resources: tmpdir=/tmp, threads=10, runtime=4:0:0:0, individual_core_memory=5G

Submitted job 657 with external jobid 'Your job 71706607 ("snakejob.run_script.657.sh") has been submitted'.

[Sat Sep  4 09:33:25 2021]
rule run_script:
    input: /.mounts/labs/reimandlab/private/users/oocsenas/CA2M_v2/bin/004B_run_permtest_sig_importances.R
    output: /.mounts/labs/reimandlab/private/users/oocsenas/CA2M_v2/data/004B_Feature_importance_permutations/results_16_11_4.csv
    jobid: 1904
    wildcards: variable_i=16, variable_s=11, variable_b=4
    resources: tmpdir=/tmp, threads=10, runtime=4:0:0:0, individual_core_memory=5G

Submitted job 1904 with external jobid 'Your job 71706608 ("snakejob.run_script.1904.sh") has been submitted'.

[Sat Sep  4 09:33:25 2021]
rule run_script:
    input: /.mounts/labs/reimandlab/private/users/oocsenas/CA2M_v2/bin/004B_run_permtest_sig_importances.R
    output: /.mounts/labs/reimandlab/private/users/oocsenas/CA2M_v2/data/004B_Feature_importance_permutations/results_13_6_8.csv
    jobid: 1498
    wildcards: variable_i=13, variable_s=6, variable_b=8
    resources: tmpdir=/tmp, threads=10, runtime=4:0:0:0, individual_core_memory=5G

Submitted job 1498 with external jobid 'Your job 71706609 ("snakejob.run_script.1498.sh") has been submitted'.

[Sat Sep  4 09:33:26 2021]
rule run_script:
    input: /.mounts/labs/reimandlab/private/users/oocsenas/CA2M_v2/bin/004B_run_permtest_sig_importances.R
    output: /.mounts/labs/reimandlab/private/users/oocsenas/CA2M_v2/data/004B_Feature_importance_permutations/results_16_2_10.csv
    jobid: 1820
    wildcards: variable_i=16, variable_s=2, variable_b=10
    resources: tmpdir=/tmp, threads=10, runtime=4:0:0:0, individual_core_memory=5G

Submitted job 1820 with external jobid 'Your job 71706610 ("snakejob.run_script.1820.sh") has been submitted'.

[Sat Sep  4 09:33:26 2021]
rule run_script:
    input: /.mounts/labs/reimandlab/private/users/oocsenas/CA2M_v2/bin/004B_run_permtest_sig_importances.R
    output: /.mounts/labs/reimandlab/private/users/oocsenas/CA2M_v2/data/004B_Feature_importance_permutations/results_21_8_8.csv
    jobid: 2478
    wildcards: variable_i=21, variable_s=8, variable_b=8
    resources: tmpdir=/tmp, threads=10, runtime=4:0:0:0, individual_core_memory=5G

Submitted job 2478 with external jobid 'Your job 71706611 ("snakejob.run_script.2478.sh") has been submitted'.

[Sat Sep  4 09:33:26 2021]
rule run_script:
    input: /.mounts/labs/reimandlab/private/users/oocsenas/CA2M_v2/bin/004B_run_permtest_sig_importances.R
    output: /.mounts/labs/reimandlab/private/users/oocsenas/CA2M_v2/data/004B_Feature_importance_permutations/results_17_7_8.csv
    jobid: 1988
    wildcards: variable_i=17, variable_s=7, variable_b=8
    resources: tmpdir=/tmp, threads=10, runtime=4:0:0:0, individual_core_memory=5G

Submitted job 1988 with external jobid 'Your job 71706612 ("snakejob.run_script.1988.sh") has been submitted'.

[Sat Sep  4 09:33:26 2021]
rule run_script:
    input: /.mounts/labs/reimandlab/private/users/oocsenas/CA2M_v2/bin/004B_run_permtest_sig_importances.R
    output: /.mounts/labs/reimandlab/private/users/oocsenas/CA2M_v2/data/004B_Feature_importance_permutations/results_20_3_10.csv
    jobid: 2310
    wildcards: variable_i=20, variable_s=3, variable_b=10
    resources: tmpdir=/tmp, threads=10, runtime=4:0:0:0, individual_core_memory=5G

Submitted job 2310 with external jobid 'Your job 71706613 ("snakejob.run_script.2310.sh") has been submitted'.

[Sat Sep  4 09:33:26 2021]
rule run_script:
    input: /.mounts/labs/reimandlab/private/users/oocsenas/CA2M_v2/bin/004B_run_permtest_sig_importances.R
    output: /.mounts/labs/reimandlab/private/users/oocsenas/CA2M_v2/data/004B_Feature_importance_permutations/results_1_3_8.csv
    jobid: 28
    wildcards: variable_i=1, variable_s=3, variable_b=8
    resources: tmpdir=/tmp, threads=10, runtime=4:0:0:0, individual_core_memory=5G

Submitted job 28 with external jobid 'Your job 71706614 ("snakejob.run_script.28.sh") has been submitted'.

[Sat Sep  4 09:33:26 2021]
rule run_script:
    input: /.mounts/labs/reimandlab/private/users/oocsenas/CA2M_v2/bin/004B_run_permtest_sig_importances.R
    output: /.mounts/labs/reimandlab/private/users/oocsenas/CA2M_v2/data/004B_Feature_importance_permutations/results_2_2_10.csv
    jobid: 140
    wildcards: variable_i=2, variable_s=2, variable_b=10
    resources: tmpdir=/tmp, threads=10, runtime=4:0:0:0, individual_core_memory=5G

Submitted job 140 with external jobid 'Your job 71706615 ("snakejob.run_script.140.sh") has been submitted'.

[Sat Sep  4 09:33:26 2021]
rule run_script:
    input: /.mounts/labs/reimandlab/private/users/oocsenas/CA2M_v2/bin/004B_run_permtest_sig_importances.R
    output: /.mounts/labs/reimandlab/private/users/oocsenas/CA2M_v2/data/004B_Feature_importance_permutations/results_3_7_8.csv
    jobid: 308
    wildcards: variable_i=3, variable_s=7, variable_b=8
    resources: tmpdir=/tmp, threads=10, runtime=4:0:0:0, individual_core_memory=5G

Submitted job 308 with external jobid 'Your job 71706616 ("snakejob.run_script.308.sh") has been submitted'.

[Sat Sep  4 09:33:26 2021]
rule run_script:
    input: /.mounts/labs/reimandlab/private/users/oocsenas/CA2M_v2/bin/004B_run_permtest_sig_importances.R
    output: /.mounts/labs/reimandlab/private/users/oocsenas/CA2M_v2/data/004B_Feature_importance_permutations/results_6_6_8.csv
    jobid: 658
    wildcards: variable_i=6, variable_s=6, variable_b=8
    resources: tmpdir=/tmp, threads=10, runtime=4:0:0:0, individual_core_memory=5G

Submitted job 658 with external jobid 'Your job 71706617 ("snakejob.run_script.658.sh") has been submitted'.

[Sat Sep  4 09:33:26 2021]
rule run_script:
    input: /.mounts/labs/reimandlab/private/users/oocsenas/CA2M_v2/bin/004B_run_permtest_sig_importances.R
    output: /.mounts/labs/reimandlab/private/users/oocsenas/CA2M_v2/data/004B_Feature_importance_permutations/results_12_9_10.csv
    jobid: 1410
    wildcards: variable_i=12, variable_s=9, variable_b=10
    resources: tmpdir=/tmp, threads=10, runtime=4:0:0:0, individual_core_memory=5G

Submitted job 1410 with external jobid 'Your job 71706618 ("snakejob.run_script.1410.sh") has been submitted'.

[Sat Sep  4 09:33:26 2021]
rule run_script:
    input: /.mounts/labs/reimandlab/private/users/oocsenas/CA2M_v2/bin/004B_run_permtest_sig_importances.R
    output: /.mounts/labs/reimandlab/private/users/oocsenas/CA2M_v2/data/004B_Feature_importance_permutations/results_16_11_5.csv
    jobid: 1905
    wildcards: variable_i=16, variable_s=11, variable_b=5
    resources: tmpdir=/tmp, threads=10, runtime=4:0:0:0, individual_core_memory=5G

Submitted job 1905 with external jobid 'Your job 71706619 ("snakejob.run_script.1905.sh") has been submitted'.

[Sat Sep  4 09:33:26 2021]
rule run_script:
    input: /.mounts/labs/reimandlab/private/users/oocsenas/CA2M_v2/bin/004B_run_permtest_sig_importances.R
    output: /.mounts/labs/reimandlab/private/users/oocsenas/CA2M_v2/data/004B_Feature_importance_permutations/results_13_6_9.csv
    jobid: 1499
    wildcards: variable_i=13, variable_s=6, variable_b=9
    resources: tmpdir=/tmp, threads=10, runtime=4:0:0:0, individual_core_memory=5G

Submitted job 1499 with external jobid 'Your job 71706620 ("snakejob.run_script.1499.sh") has been submitted'.

[Sat Sep  4 09:33:26 2021]
rule run_script:
    input: /.mounts/labs/reimandlab/private/users/oocsenas/CA2M_v2/bin/004B_run_permtest_sig_importances.R
    output: /.mounts/labs/reimandlab/private/users/oocsenas/CA2M_v2/data/004B_Feature_importance_permutations/results_16_3_1.csv
    jobid: 1821
    wildcards: variable_i=16, variable_s=3, variable_b=1
    resources: tmpdir=/tmp, threads=10, runtime=4:0:0:0, individual_core_memory=5G

Submitted job 1821 with external jobid 'Your job 71706621 ("snakejob.run_script.1821.sh") has been submitted'.

[Sat Sep  4 09:33:27 2021]
rule run_script:
    input: /.mounts/labs/reimandlab/private/users/oocsenas/CA2M_v2/bin/004B_run_permtest_sig_importances.R
    output: /.mounts/labs/reimandlab/private/users/oocsenas/CA2M_v2/data/004B_Feature_importance_permutations/results_21_8_9.csv
    jobid: 2479
    wildcards: variable_i=21, variable_s=8, variable_b=9
    resources: tmpdir=/tmp, threads=10, runtime=4:0:0:0, individual_core_memory=5G

Submitted job 2479 with external jobid 'Your job 71706622 ("snakejob.run_script.2479.sh") has been submitted'.

[Sat Sep  4 09:33:27 2021]
rule run_script:
    input: /.mounts/labs/reimandlab/private/users/oocsenas/CA2M_v2/bin/004B_run_permtest_sig_importances.R
    output: /.mounts/labs/reimandlab/private/users/oocsenas/CA2M_v2/data/004B_Feature_importance_permutations/results_17_7_9.csv
    jobid: 1989
    wildcards: variable_i=17, variable_s=7, variable_b=9
    resources: tmpdir=/tmp, threads=10, runtime=4:0:0:0, individual_core_memory=5G

Submitted job 1989 with external jobid 'Your job 71706623 ("snakejob.run_script.1989.sh") has been submitted'.

[Sat Sep  4 09:33:27 2021]
rule run_script:
    input: /.mounts/labs/reimandlab/private/users/oocsenas/CA2M_v2/bin/004B_run_permtest_sig_importances.R
    output: /.mounts/labs/reimandlab/private/users/oocsenas/CA2M_v2/data/004B_Feature_importance_permutations/results_20_4_1.csv
    jobid: 2311
    wildcards: variable_i=20, variable_s=4, variable_b=1
    resources: tmpdir=/tmp, threads=10, runtime=4:0:0:0, individual_core_memory=5G

Submitted job 2311 with external jobid 'Your job 71706624 ("snakejob.run_script.2311.sh") has been submitted'.

[Sat Sep  4 09:33:27 2021]
rule run_script:
    input: /.mounts/labs/reimandlab/private/users/oocsenas/CA2M_v2/bin/004B_run_permtest_sig_importances.R
    output: /.mounts/labs/reimandlab/private/users/oocsenas/CA2M_v2/data/004B_Feature_importance_permutations/results_1_3_9.csv
    jobid: 29
    wildcards: variable_i=1, variable_s=3, variable_b=9
    resources: tmpdir=/tmp, threads=10, runtime=4:0:0:0, individual_core_memory=5G

Submitted job 29 with external jobid 'Your job 71706625 ("snakejob.run_script.29.sh") has been submitted'.

[Sat Sep  4 09:33:27 2021]
rule run_script:
    input: /.mounts/labs/reimandlab/private/users/oocsenas/CA2M_v2/bin/004B_run_permtest_sig_importances.R
    output: /.mounts/labs/reimandlab/private/users/oocsenas/CA2M_v2/data/004B_Feature_importance_permutations/results_2_3_1.csv
    jobid: 141
    wildcards: variable_i=2, variable_s=3, variable_b=1
    resources: tmpdir=/tmp, threads=10, runtime=4:0:0:0, individual_core_memory=5G

Submitted job 141 with external jobid 'Your job 71706626 ("snakejob.run_script.141.sh") has been submitted'.

[Sat Sep  4 09:33:27 2021]
rule run_script:
    input: /.mounts/labs/reimandlab/private/users/oocsenas/CA2M_v2/bin/004B_run_permtest_sig_importances.R
    output: /.mounts/labs/reimandlab/private/users/oocsenas/CA2M_v2/data/004B_Feature_importance_permutations/results_3_7_9.csv
    jobid: 309
    wildcards: variable_i=3, variable_s=7, variable_b=9
    resources: tmpdir=/tmp, threads=10, runtime=4:0:0:0, individual_core_memory=5G

Submitted job 309 with external jobid 'Your job 71706627 ("snakejob.run_script.309.sh") has been submitted'.

[Sat Sep  4 09:33:27 2021]
rule run_script:
    input: /.mounts/labs/reimandlab/private/users/oocsenas/CA2M_v2/bin/004B_run_permtest_sig_importances.R
    output: /.mounts/labs/reimandlab/private/users/oocsenas/CA2M_v2/data/004B_Feature_importance_permutations/results_6_6_9.csv
    jobid: 659
    wildcards: variable_i=6, variable_s=6, variable_b=9
    resources: tmpdir=/tmp, threads=10, runtime=4:0:0:0, individual_core_memory=5G

Submitted job 659 with external jobid 'Your job 71706628 ("snakejob.run_script.659.sh") has been submitted'.

[Sat Sep  4 09:33:27 2021]
rule run_script:
    input: /.mounts/labs/reimandlab/private/users/oocsenas/CA2M_v2/bin/004B_run_permtest_sig_importances.R
    output: /.mounts/labs/reimandlab/private/users/oocsenas/CA2M_v2/data/004B_Feature_importance_permutations/results_16_11_6.csv
    jobid: 1906
    wildcards: variable_i=16, variable_s=11, variable_b=6
    resources: tmpdir=/tmp, threads=10, runtime=4:0:0:0, individual_core_memory=5G

Submitted job 1906 with external jobid 'Your job 71706629 ("snakejob.run_script.1906.sh") has been submitted'.

[Sat Sep  4 09:33:27 2021]
rule run_script:
    input: /.mounts/labs/reimandlab/private/users/oocsenas/CA2M_v2/bin/004B_run_permtest_sig_importances.R
    output: /.mounts/labs/reimandlab/private/users/oocsenas/CA2M_v2/data/004B_Feature_importance_permutations/results_13_6_10.csv
    jobid: 1500
    wildcards: variable_i=13, variable_s=6, variable_b=10
    resources: tmpdir=/tmp, threads=10, runtime=4:0:0:0, individual_core_memory=5G

Submitted job 1500 with external jobid 'Your job 71706630 ("snakejob.run_script.1500.sh") has been submitted'.

[Sat Sep  4 09:33:27 2021]
rule run_script:
    input: /.mounts/labs/reimandlab/private/users/oocsenas/CA2M_v2/bin/004B_run_permtest_sig_importances.R
    output: /.mounts/labs/reimandlab/private/users/oocsenas/CA2M_v2/data/004B_Feature_importance_permutations/results_16_3_2.csv
    jobid: 1822
    wildcards: variable_i=16, variable_s=3, variable_b=2
    resources: tmpdir=/tmp, threads=10, runtime=4:0:0:0, individual_core_memory=5G

Submitted job 1822 with external jobid 'Your job 71706631 ("snakejob.run_script.1822.sh") has been submitted'.

[Sat Sep  4 09:33:27 2021]
rule run_script:
    input: /.mounts/labs/reimandlab/private/users/oocsenas/CA2M_v2/bin/004B_run_permtest_sig_importances.R
    output: /.mounts/labs/reimandlab/private/users/oocsenas/CA2M_v2/data/004B_Feature_importance_permutations/results_21_8_10.csv
    jobid: 2480
    wildcards: variable_i=21, variable_s=8, variable_b=10
    resources: tmpdir=/tmp, threads=10, runtime=4:0:0:0, individual_core_memory=5G

Submitted job 2480 with external jobid 'Your job 71706632 ("snakejob.run_script.2480.sh") has been submitted'.

[Sat Sep  4 09:33:28 2021]
rule run_script:
    input: /.mounts/labs/reimandlab/private/users/oocsenas/CA2M_v2/bin/004B_run_permtest_sig_importances.R
    output: /.mounts/labs/reimandlab/private/users/oocsenas/CA2M_v2/data/004B_Feature_importance_permutations/results_17_7_10.csv
    jobid: 1990
    wildcards: variable_i=17, variable_s=7, variable_b=10
    resources: tmpdir=/tmp, threads=10, runtime=4:0:0:0, individual_core_memory=5G

Submitted job 1990 with external jobid 'Your job 71706633 ("snakejob.run_script.1990.sh") has been submitted'.

[Sat Sep  4 09:33:28 2021]
rule run_script:
    input: /.mounts/labs/reimandlab/private/users/oocsenas/CA2M_v2/bin/004B_run_permtest_sig_importances.R
    output: /.mounts/labs/reimandlab/private/users/oocsenas/CA2M_v2/data/004B_Feature_importance_permutations/results_20_4_2.csv
    jobid: 2312
    wildcards: variable_i=20, variable_s=4, variable_b=2
    resources: tmpdir=/tmp, threads=10, runtime=4:0:0:0, individual_core_memory=5G

Submitted job 2312 with external jobid 'Your job 71706634 ("snakejob.run_script.2312.sh") has been submitted'.

[Sat Sep  4 09:33:28 2021]
rule run_script:
    input: /.mounts/labs/reimandlab/private/users/oocsenas/CA2M_v2/bin/004B_run_permtest_sig_importances.R
    output: /.mounts/labs/reimandlab/private/users/oocsenas/CA2M_v2/data/004B_Feature_importance_permutations/results_1_3_10.csv
    jobid: 30
    wildcards: variable_i=1, variable_s=3, variable_b=10
    resources: tmpdir=/tmp, threads=10, runtime=4:0:0:0, individual_core_memory=5G

Submitted job 30 with external jobid 'Your job 71706635 ("snakejob.run_script.30.sh") has been submitted'.

[Sat Sep  4 09:33:28 2021]
rule run_script:
    input: /.mounts/labs/reimandlab/private/users/oocsenas/CA2M_v2/bin/004B_run_permtest_sig_importances.R
    output: /.mounts/labs/reimandlab/private/users/oocsenas/CA2M_v2/data/004B_Feature_importance_permutations/results_2_3_2.csv
    jobid: 142
    wildcards: variable_i=2, variable_s=3, variable_b=2
    resources: tmpdir=/tmp, threads=10, runtime=4:0:0:0, individual_core_memory=5G

Submitted job 142 with external jobid 'Your job 71706636 ("snakejob.run_script.142.sh") has been submitted'.

[Sat Sep  4 09:33:28 2021]
rule run_script:
    input: /.mounts/labs/reimandlab/private/users/oocsenas/CA2M_v2/bin/004B_run_permtest_sig_importances.R
    output: /.mounts/labs/reimandlab/private/users/oocsenas/CA2M_v2/data/004B_Feature_importance_permutations/results_3_7_10.csv
    jobid: 310
    wildcards: variable_i=3, variable_s=7, variable_b=10
    resources: tmpdir=/tmp, threads=10, runtime=4:0:0:0, individual_core_memory=5G

Submitted job 310 with external jobid 'Your job 71706637 ("snakejob.run_script.310.sh") has been submitted'.

[Sat Sep  4 09:33:28 2021]
rule run_script:
    input: /.mounts/labs/reimandlab/private/users/oocsenas/CA2M_v2/bin/004B_run_permtest_sig_importances.R
    output: /.mounts/labs/reimandlab/private/users/oocsenas/CA2M_v2/data/004B_Feature_importance_permutations/results_6_6_10.csv
    jobid: 660
    wildcards: variable_i=6, variable_s=6, variable_b=10
    resources: tmpdir=/tmp, threads=10, runtime=4:0:0:0, individual_core_memory=5G

Submitted job 660 with external jobid 'Your job 71706638 ("snakejob.run_script.660.sh") has been submitted'.

[Sat Sep  4 09:33:28 2021]
rule run_script:
    input: /.mounts/labs/reimandlab/private/users/oocsenas/CA2M_v2/bin/004B_run_permtest_sig_importances.R
    output: /.mounts/labs/reimandlab/private/users/oocsenas/CA2M_v2/data/004B_Feature_importance_permutations/results_16_11_7.csv
    jobid: 1907
    wildcards: variable_i=16, variable_s=11, variable_b=7
    resources: tmpdir=/tmp, threads=10, runtime=4:0:0:0, individual_core_memory=5G

Submitted job 1907 with external jobid 'Your job 71706639 ("snakejob.run_script.1907.sh") has been submitted'.

[Sat Sep  4 09:33:28 2021]
rule run_script:
    input: /.mounts/labs/reimandlab/private/users/oocsenas/CA2M_v2/bin/004B_run_permtest_sig_importances.R
    output: /.mounts/labs/reimandlab/private/users/oocsenas/CA2M_v2/data/004B_Feature_importance_permutations/results_13_7_1.csv
    jobid: 1501
    wildcards: variable_i=13, variable_s=7, variable_b=1
    resources: tmpdir=/tmp, threads=10, runtime=4:0:0:0, individual_core_memory=5G

Submitted job 1501 with external jobid 'Your job 71706640 ("snakejob.run_script.1501.sh") has been submitted'.

[Sat Sep  4 09:33:28 2021]
rule run_script:
    input: /.mounts/labs/reimandlab/private/users/oocsenas/CA2M_v2/bin/004B_run_permtest_sig_importances.R
    output: /.mounts/labs/reimandlab/private/users/oocsenas/CA2M_v2/data/004B_Feature_importance_permutations/results_21_9_1.csv
    jobid: 2481
    wildcards: variable_i=21, variable_s=9, variable_b=1
    resources: tmpdir=/tmp, threads=10, runtime=4:0:0:0, individual_core_memory=5G

Submitted job 2481 with external jobid 'Your job 71706641 ("snakejob.run_script.2481.sh") has been submitted'.

[Sat Sep  4 09:33:28 2021]
rule run_script:
    input: /.mounts/labs/reimandlab/private/users/oocsenas/CA2M_v2/bin/004B_run_permtest_sig_importances.R
    output: /.mounts/labs/reimandlab/private/users/oocsenas/CA2M_v2/data/004B_Feature_importance_permutations/results_17_8_1.csv
    jobid: 1991
    wildcards: variable_i=17, variable_s=8, variable_b=1
    resources: tmpdir=/tmp, threads=10, runtime=4:0:0:0, individual_core_memory=5G

Submitted job 1991 with external jobid 'Your job 71706642 ("snakejob.run_script.1991.sh") has been submitted'.

[Sat Sep  4 09:33:28 2021]
rule run_script:
    input: /.mounts/labs/reimandlab/private/users/oocsenas/CA2M_v2/bin/004B_run_permtest_sig_importances.R
    output: /.mounts/labs/reimandlab/private/users/oocsenas/CA2M_v2/data/004B_Feature_importance_permutations/results_20_4_3.csv
    jobid: 2313
    wildcards: variable_i=20, variable_s=4, variable_b=3
    resources: tmpdir=/tmp, threads=10, runtime=4:0:0:0, individual_core_memory=5G

Submitted job 2313 with external jobid 'Your job 71706643 ("snakejob.run_script.2313.sh") has been submitted'.

[Sat Sep  4 09:33:28 2021]
rule run_script:
    input: /.mounts/labs/reimandlab/private/users/oocsenas/CA2M_v2/bin/004B_run_permtest_sig_importances.R
    output: /.mounts/labs/reimandlab/private/users/oocsenas/CA2M_v2/data/004B_Feature_importance_permutations/results_1_4_1.csv
    jobid: 31
    wildcards: variable_i=1, variable_s=4, variable_b=1
    resources: tmpdir=/tmp, threads=10, runtime=4:0:0:0, individual_core_memory=5G

Submitted job 31 with external jobid 'Your job 71706644 ("snakejob.run_script.31.sh") has been submitted'.

[Sat Sep  4 09:33:29 2021]
rule run_script:
    input: /.mounts/labs/reimandlab/private/users/oocsenas/CA2M_v2/bin/004B_run_permtest_sig_importances.R
    output: /.mounts/labs/reimandlab/private/users/oocsenas/CA2M_v2/data/004B_Feature_importance_permutations/results_2_3_3.csv
    jobid: 143
    wildcards: variable_i=2, variable_s=3, variable_b=3
    resources: tmpdir=/tmp, threads=10, runtime=4:0:0:0, individual_core_memory=5G

Submitted job 143 with external jobid 'Your job 71706645 ("snakejob.run_script.143.sh") has been submitted'.

[Sat Sep  4 09:33:29 2021]
rule run_script:
    input: /.mounts/labs/reimandlab/private/users/oocsenas/CA2M_v2/bin/004B_run_permtest_sig_importances.R
    output: /.mounts/labs/reimandlab/private/users/oocsenas/CA2M_v2/data/004B_Feature_importance_permutations/results_3_8_1.csv
    jobid: 311
    wildcards: variable_i=3, variable_s=8, variable_b=1
    resources: tmpdir=/tmp, threads=10, runtime=4:0:0:0, individual_core_memory=5G

Submitted job 311 with external jobid 'Your job 71706646 ("snakejob.run_script.311.sh") has been submitted'.

[Sat Sep  4 09:33:29 2021]
rule run_script:
    input: /.mounts/labs/reimandlab/private/users/oocsenas/CA2M_v2/bin/004B_run_permtest_sig_importances.R
    output: /.mounts/labs/reimandlab/private/users/oocsenas/CA2M_v2/data/004B_Feature_importance_permutations/results_15_8_6.csv
    jobid: 1756
    wildcards: variable_i=15, variable_s=8, variable_b=6
    resources: tmpdir=/tmp, threads=10, runtime=4:0:0:0, individual_core_memory=5G

Submitted job 1756 with external jobid 'Your job 71706647 ("snakejob.run_script.1756.sh") has been submitted'.

[Sat Sep  4 09:33:29 2021]
rule run_script:
    input: /.mounts/labs/reimandlab/private/users/oocsenas/CA2M_v2/bin/004B_run_permtest_sig_importances.R
    output: /.mounts/labs/reimandlab/private/users/oocsenas/CA2M_v2/data/004B_Feature_importance_permutations/results_15_8_7.csv
    jobid: 1757
    wildcards: variable_i=15, variable_s=8, variable_b=7
    resources: tmpdir=/tmp, threads=10, runtime=4:0:0:0, individual_core_memory=5G

Submitted job 1757 with external jobid 'Your job 71706648 ("snakejob.run_script.1757.sh") has been submitted'.

[Sat Sep  4 09:33:29 2021]
rule run_script:
    input: /.mounts/labs/reimandlab/private/users/oocsenas/CA2M_v2/bin/004B_run_permtest_sig_importances.R
    output: /.mounts/labs/reimandlab/private/users/oocsenas/CA2M_v2/data/004B_Feature_importance_permutations/results_3_1_5.csv
    jobid: 245
    wildcards: variable_i=3, variable_s=1, variable_b=5
    resources: tmpdir=/tmp, threads=10, runtime=4:0:0:0, individual_core_memory=5G

Submitted job 245 with external jobid 'Your job 71706649 ("snakejob.run_script.245.sh") has been submitted'.

[Sat Sep  4 09:33:29 2021]
rule run_script:
    input: /.mounts/labs/reimandlab/private/users/oocsenas/CA2M_v2/bin/004B_run_permtest_sig_importances.R
    output: /.mounts/labs/reimandlab/private/users/oocsenas/CA2M_v2/data/004B_Feature_importance_permutations/results_2_5_1.csv
    jobid: 161
    wildcards: variable_i=2, variable_s=5, variable_b=1
    resources: tmpdir=/tmp, threads=10, runtime=4:0:0:0, individual_core_memory=5G

Submitted job 161 with external jobid 'Your job 71706650 ("snakejob.run_script.161.sh") has been submitted'.

[Sat Sep  4 09:33:29 2021]
rule run_script:
    input: /.mounts/labs/reimandlab/private/users/oocsenas/CA2M_v2/bin/004B_run_permtest_sig_importances.R
    output: /.mounts/labs/reimandlab/private/users/oocsenas/CA2M_v2/data/004B_Feature_importance_permutations/results_3_1_6.csv
    jobid: 246
    wildcards: variable_i=3, variable_s=1, variable_b=6
    resources: tmpdir=/tmp, threads=10, runtime=4:0:0:0, individual_core_memory=5G

Submitted job 246 with external jobid 'Your job 71706651 ("snakejob.run_script.246.sh") has been submitted'.

[Sat Sep  4 09:33:29 2021]
rule run_script:
    input: /.mounts/labs/reimandlab/private/users/oocsenas/CA2M_v2/bin/004B_run_permtest_sig_importances.R
    output: /.mounts/labs/reimandlab/private/users/oocsenas/CA2M_v2/data/004B_Feature_importance_permutations/results_2_5_2.csv
    jobid: 162
    wildcards: variable_i=2, variable_s=5, variable_b=2
    resources: tmpdir=/tmp, threads=10, runtime=4:0:0:0, individual_core_memory=5G

Submitted job 162 with external jobid 'Your job 71706652 ("snakejob.run_script.162.sh") has been submitted'.

[Sat Sep  4 09:33:29 2021]
rule run_script:
    input: /.mounts/labs/reimandlab/private/users/oocsenas/CA2M_v2/bin/004B_run_permtest_sig_importances.R
    output: /.mounts/labs/reimandlab/private/users/oocsenas/CA2M_v2/data/004B_Feature_importance_permutations/results_9_6_6.csv
    jobid: 1016
    wildcards: variable_i=9, variable_s=6, variable_b=6
    resources: tmpdir=/tmp, threads=10, runtime=4:0:0:0, individual_core_memory=5G

Submitted job 1016 with external jobid 'Your job 71706653 ("snakejob.run_script.1016.sh") has been submitted'.

[Sat Sep  4 09:33:29 2021]
rule run_script:
    input: /.mounts/labs/reimandlab/private/users/oocsenas/CA2M_v2/bin/004B_run_permtest_sig_importances.R
    output: /.mounts/labs/reimandlab/private/users/oocsenas/CA2M_v2/data/004B_Feature_importance_permutations/results_15_8_8.csv
    jobid: 1758
    wildcards: variable_i=15, variable_s=8, variable_b=8
    resources: tmpdir=/tmp, threads=10, runtime=4:0:0:0, individual_core_memory=5G

Submitted job 1758 with external jobid 'Your job 71706654 ("snakejob.run_script.1758.sh") has been submitted'.

[Sat Sep  4 09:33:29 2021]
rule run_script:
    input: /.mounts/labs/reimandlab/private/users/oocsenas/CA2M_v2/bin/004B_run_permtest_sig_importances.R
    output: /.mounts/labs/reimandlab/private/users/oocsenas/CA2M_v2/data/004B_Feature_importance_permutations/results_18_11_10.csv
    jobid: 2150
    wildcards: variable_i=18, variable_s=11, variable_b=10
    resources: tmpdir=/tmp, threads=10, runtime=4:0:0:0, individual_core_memory=5G

